<?xml version="1.0" encoding="UTF-8"?>
<testng-results ignored="0" total="1" passed="1" failed="0" skipped="0">
  <reporter-output>
  </reporter-output>
  <suite started-at="2023-04-13T23:40:19 IST" name="Default suite" finished-at="2023-04-13T23:40:19 IST" duration-ms="92">
    <groups>
    </groups>
    <test started-at="2023-04-13T23:40:19 IST" name="Default test" finished-at="2023-04-13T23:40:19 IST" duration-ms="92">
      <class name="github.Demo">
        <test-method signature="demo()[pri:0, instance:github.Demo@51f116b8]" started-at="2023-04-13T23:40:19 IST" name="demo" finished-at="2023-04-13T23:40:19 IST" duration-ms="16" status="PASS">
          <reporter-output>
          </reporter-output>
        </test-method> <!-- demo -->
      </class> <!-- github.Demo -->
    </test> <!-- Default test -->
  </suite> <!-- Default suite -->
</testng-results>
