<?xml version="1.0" encoding="UTF-8"?>
<testng-results ignored="0" total="1" passed="1" failed="0" skipped="0">
  <reporter-output>
  </reporter-output>
  <suite started-at="2023-04-13T21:31:20 IST" name="Default suite" finished-at="2023-04-13T21:31:20 IST" duration-ms="93">
    <groups>
    </groups>
    <test started-at="2023-04-13T21:31:20 IST" name="Default test" finished-at="2023-04-13T21:31:20 IST" duration-ms="93">
      <class name="github.Repo">
        <test-method signature="demo()[pri:0, instance:github.Repo@51f116b8]" started-at="2023-04-13T21:31:20 IST" name="demo" finished-at="2023-04-13T21:31:20 IST" duration-ms="16" status="PASS">
          <reporter-output>
          </reporter-output>
        </test-method> <!-- demo -->
      </class> <!-- github.Repo -->
    </test> <!-- Default test -->
  </suite> <!-- Default suite -->
</testng-results>
